-------------------------------------------------------------------------------
Test set: TestSuite
-------------------------------------------------------------------------------
Tests run: 3, Failures: 1, Errors: 0, Skipped: 0, Time elapsed: 4.633 s <<< FAILURE! - in TestSuite
TC03_deletionOfTweet(tests.GetDetails)  Time elapsed: 0.507 s  <<< FAILURE!
java.lang.AssertionError: Data Could not be fetched expected [true] but found [false]
	at tests.GetDetails.TC03_deletionOfTweet(GetDetails.java:58)

