<?xml version="1.0" encoding="UTF-8"?>
<!-- Generated by org.testng.reporters.JUnitXMLReporter -->
<testsuite hostname="sys" ignored="0" name="Test" tests="3" failures="1" timestamp="18 Dec 2018 19:31:09 GMT" time="3.407" errors="0">
  <testcase name="TC01_getStatusOFTweet" time="1.821" classname="tests.GetDetails"/>
  <testcase name="TC02_creationOfTweet" time="0.591" classname="tests.GetDetails"/>
  <testcase name="TC03_deletionOfTweet" time="0.496" classname="tests.GetDetails">
    <failure type="java.lang.AssertionError" message="Data Could not be fetched expected [true] but found [false]">
      <![CDATA[java.lang.AssertionError: Data Could not be fetched expected [true] but found [false]
at tests.GetDetails.TC03_deletionOfTweet(GetDetails.java:58)
... Removed 32 stack frames]]>
    </failure>
  </testcase> <!-- TC03_deletionOfTweet -->
</testsuite> <!-- Test -->
